12 Sep 2024; 12:02:42 PM c.e.locomotive.LocomotiveApplication INFO: Starting LocomotiveApplication using Java 21.0.1 with PID 3812 (E:\Kerja\Gap Analysis\IoT Locomotive\locomotive\target\classes started by Albiruni in E:\Kerja\Gap Analysis\IoT Locomotive\locomotive)
12 Sep 2024; 12:02:42 PM c.e.locomotive.LocomotiveApplication INFO: No active profile set, falling back to 1 default profile: "default"
12 Sep 2024; 12:02:42 PM o.s.b.d.e.DevToolsPropertyDefaultsPostProcessor INFO: Devtools property defaults active! Set 'spring.devtools.add-properties' to 'false' to disable
12 Sep 2024; 12:02:42 PM o.s.b.d.e.DevToolsPropertyDefaultsPostProcessor INFO: For additional web related logging consider setting the 'logging.level.web' property to 'DEBUG'
12 Sep 2024; 12:02:42 PM o.s.d.r.c.RepositoryConfigurationDelegate INFO: Multiple Spring Data modules found, entering strict repository configuration mode
12 Sep 2024; 12:02:42 PM o.s.d.r.c.RepositoryConfigurationDelegate INFO: Bootstrapping Spring Data JPA repositories in DEFAULT mode.
12 Sep 2024; 12:02:42 PM o.s.d.r.c.RepositoryConfigurationDelegate INFO: Finished Spring Data repository scanning in 33 ms. Found 2 JPA repository interfaces.
12 Sep 2024; 12:02:42 PM o.s.d.r.c.RepositoryConfigurationDelegate INFO: Multiple Spring Data modules found, entering strict repository configuration mode
12 Sep 2024; 12:02:42 PM o.s.d.r.c.RepositoryConfigurationDelegate INFO: Bootstrapping Spring Data MongoDB repositories in DEFAULT mode.
12 Sep 2024; 12:02:42 PM o.s.d.r.c.RepositoryConfigurationExtensionSupport INFO: Spring Data MongoDB - Could not safely identify store assignment for repository candidate interface com.example.locomotive.repositories.LocomotiveSummaryRepo; If you want this repository to be a MongoDB repository, consider annotating your entities with one of these annotations: org.springframework.data.mongodb.core.mapping.Document (preferred), or consider extending one of the following types with your repository: org.springframework.data.mongodb.repository.MongoRepository
12 Sep 2024; 12:02:42 PM o.s.d.r.c.RepositoryConfigurationDelegate INFO: Finished Spring Data repository scanning in 4 ms. Found 1 MongoDB repository interface.
12 Sep 2024; 12:02:43 PM o.s.b.w.e.tomcat.TomcatWebServer INFO: Tomcat initialized with port 8081 (http)
12 Sep 2024; 12:02:43 PM o.a.coyote.http11.Http11NioProtocol INFO: Initializing ProtocolHandler ["http-nio-8081"]
12 Sep 2024; 12:02:43 PM o.a.catalina.core.StandardService INFO: Starting service [Tomcat]
12 Sep 2024; 12:02:43 PM o.a.catalina.core.StandardEngine INFO: Starting Servlet engine: [Apache Tomcat/10.1.28]
12 Sep 2024; 12:02:43 PM o.a.c.c.C.[Tomcat].[localhost].[/] INFO: Initializing Spring embedded WebApplicationContext
12 Sep 2024; 12:02:43 PM o.s.b.w.s.c.ServletWebServerApplicationContext INFO: Root WebApplicationContext: initialization completed in 883 ms
12 Sep 2024; 12:02:43 PM o.h.jpa.internal.util.LogHelper INFO: HHH000204: Processing PersistenceUnitInfo [name: default]
12 Sep 2024; 12:02:43 PM org.hibernate.Version INFO: HHH000412: Hibernate ORM core version 6.5.2.Final
12 Sep 2024; 12:02:43 PM o.h.c.i.RegionFactoryInitiator INFO: HHH000026: Second-level cache disabled
12 Sep 2024; 12:02:43 PM o.s.o.j.p.SpringPersistenceUnitInfo INFO: No LoadTimeWeaver setup: ignoring JPA class transformer
12 Sep 2024; 12:02:43 PM com.zaxxer.hikari.HikariDataSource INFO: HikariPool-1 - Starting...
12 Sep 2024; 12:02:43 PM com.zaxxer.hikari.pool.HikariPool INFO: HikariPool-1 - Added connection org.postgresql.jdbc.PgConnection@38fc0ae9
12 Sep 2024; 12:02:43 PM com.zaxxer.hikari.HikariDataSource INFO: HikariPool-1 - Start completed.
12 Sep 2024; 12:02:43 PM org.hibernate.orm.deprecation WARN: HHH90000025: PostgreSQLDialect does not need to be specified explicitly using 'hibernate.dialect' (remove the property setting and it will be selected by default)
12 Sep 2024; 12:02:43 PM o.s.b.w.s.c.AnnotationConfigServletWebServerApplicationContext WARN: Exception encountered during context initialization - cancelling refresh attempt: org.springframework.beans.factory.BeanCreationException: Error creating bean with name 'entityManagerFactory' defined in class path resource [org/springframework/boot/autoconfigure/orm/jpa/HibernateJpaConfiguration.class]: javax/xml/bind/annotation/XmlElement
12 Sep 2024; 12:02:43 PM com.zaxxer.hikari.HikariDataSource INFO: HikariPool-1 - Shutdown initiated...
12 Sep 2024; 12:02:43 PM com.zaxxer.hikari.HikariDataSource INFO: HikariPool-1 - Shutdown completed.
12 Sep 2024; 12:02:43 PM o.a.catalina.core.StandardService INFO: Stopping service [Tomcat]
12 Sep 2024; 12:02:43 PM o.s.b.a.l.ConditionEvaluationReportLogger INFO: 

Error starting ApplicationContext. To display the condition evaluation report re-run your application with 'debug' enabled.
12 Sep 2024; 12:02:43 PM o.s.boot.SpringApplication ERROR: Application run failed
org.springframework.beans.factory.BeanCreationException: Error creating bean with name 'entityManagerFactory' defined in class path resource [org/springframework/boot/autoconfigure/orm/jpa/HibernateJpaConfiguration.class]: javax/xml/bind/annotation/XmlElement
	at org.springframework.beans.factory.support.AbstractAutowireCapableBeanFactory.initializeBean(AbstractAutowireCapableBeanFactory.java:1806)
	at org.springframework.beans.factory.support.AbstractAutowireCapableBeanFactory.doCreateBean(AbstractAutowireCapableBeanFactory.java:600)
	at org.springframework.beans.factory.support.AbstractAutowireCapableBeanFactory.createBean(AbstractAutowireCapableBeanFactory.java:522)
	at org.springframework.beans.factory.support.AbstractBeanFactory.lambda$doGetBean$0(AbstractBeanFactory.java:337)
	at org.springframework.beans.factory.support.DefaultSingletonBeanRegistry.getSingleton(DefaultSingletonBeanRegistry.java:234)
	at org.springframework.beans.factory.support.AbstractBeanFactory.doGetBean(AbstractBeanFactory.java:335)
	at org.springframework.beans.factory.support.AbstractBeanFactory.getBean(AbstractBeanFactory.java:205)
	at org.springframework.context.support.AbstractApplicationContext.finishBeanFactoryInitialization(AbstractApplicationContext.java:954)
	at org.springframework.context.support.AbstractApplicationContext.refresh(AbstractApplicationContext.java:625)
	at org.springframework.boot.web.servlet.context.ServletWebServerApplicationContext.refresh(ServletWebServerApplicationContext.java:146)
	at org.springframework.boot.SpringApplication.refresh(SpringApplication.java:754)
	at org.springframework.boot.SpringApplication.refreshContext(SpringApplication.java:456)
	at org.springframework.boot.SpringApplication.run(SpringApplication.java:335)
	at org.springframework.boot.SpringApplication.run(SpringApplication.java:1363)
	at org.springframework.boot.SpringApplication.run(SpringApplication.java:1352)
	at com.example.locomotive.LocomotiveApplication.main(LocomotiveApplication.java:14)
	at java.base/jdk.internal.reflect.DirectMethodHandleAccessor.invoke(DirectMethodHandleAccessor.java:103)
	at java.base/java.lang.reflect.Method.invoke(Method.java:580)
	at org.springframework.boot.devtools.restart.RestartLauncher.run(RestartLauncher.java:50)
Caused by: java.lang.NoClassDefFoundError: javax/xml/bind/annotation/XmlElement
	at com.fasterxml.jackson.module.jaxb.JaxbAnnotationIntrospector.<init>(JaxbAnnotationIntrospector.java:137)
	at com.fasterxml.jackson.module.jaxb.JaxbAnnotationIntrospector.<init>(JaxbAnnotationIntrospector.java:124)
	at com.fasterxml.jackson.module.jaxb.JaxbAnnotationModule.setupModule(JaxbAnnotationModule.java:98)
	at com.fasterxml.jackson.databind.ObjectMapper.registerModule(ObjectMapper.java:908)
	at com.fasterxml.jackson.databind.ObjectMapper.registerModules(ObjectMapper.java:1110)
	at com.fasterxml.jackson.databind.ObjectMapper.findAndRegisterModules(ObjectMapper.java:1194)
	at org.hibernate.type.format.jackson.JacksonJsonFormatMapper.<init>(JacksonJsonFormatMapper.java:26)
	at org.hibernate.type.format.jackson.JacksonIntegration.<clinit>(JacksonIntegration.java:18)
	at org.hibernate.boot.internal.SessionFactoryOptionsBuilder.lambda$determineJsonFormatMapper$7(SessionFactoryOptionsBuilder.java:833)
	at org.hibernate.boot.registry.selector.internal.StrategySelectorImpl.resolveStrategy(StrategySelectorImpl.java:220)
	at org.hibernate.boot.registry.selector.internal.StrategySelectorImpl.resolveDefaultableStrategy(StrategySelectorImpl.java:180)
	at org.hibernate.boot.internal.SessionFactoryOptionsBuilder.determineJsonFormatMapper(SessionFactoryOptionsBuilder.java:829)
	at org.hibernate.boot.internal.SessionFactoryOptionsBuilder.<init>(SessionFactoryOptionsBuilder.java:313)
	at org.hibernate.boot.internal.SessionFactoryBuilderImpl.<init>(SessionFactoryBuilderImpl.java:50)
	at org.hibernate.boot.internal.DefaultSessionFactoryBuilderService.createSessionFactoryBuilder(DefaultSessionFactoryBuilderService.java:26)
	at org.hibernate.boot.internal.MetadataImpl.getSessionFactoryBuilder(MetadataImpl.java:169)
	at org.hibernate.jpa.boot.internal.EntityManagerFactoryBuilderImpl.build(EntityManagerFactoryBuilderImpl.java:1502)
	at org.springframework.orm.jpa.vendor.SpringHibernateJpaPersistenceProvider.createContainerEntityManagerFactory(SpringHibernateJpaPersistenceProvider.java:75)
	at org.springframework.orm.jpa.LocalContainerEntityManagerFactoryBean.createNativeEntityManagerFactory(LocalContainerEntityManagerFactoryBean.java:390)
	at org.springframework.orm.jpa.AbstractEntityManagerFactoryBean.buildNativeEntityManagerFactory(AbstractEntityManagerFactoryBean.java:409)
	at org.springframework.orm.jpa.AbstractEntityManagerFactoryBean.afterPropertiesSet(AbstractEntityManagerFactoryBean.java:396)
	at org.springframework.orm.jpa.LocalContainerEntityManagerFactoryBean.afterPropertiesSet(LocalContainerEntityManagerFactoryBean.java:366)
	at org.springframework.beans.factory.support.AbstractAutowireCapableBeanFactory.invokeInitMethods(AbstractAutowireCapableBeanFactory.java:1853)
	at org.springframework.beans.factory.support.AbstractAutowireCapableBeanFactory.initializeBean(AbstractAutowireCapableBeanFactory.java:1802)
	... 18 common frames omitted
Caused by: java.lang.ClassNotFoundException: javax.xml.bind.annotation.XmlElement
	at java.base/jdk.internal.loader.BuiltinClassLoader.loadClass(BuiltinClassLoader.java:641)
	at java.base/jdk.internal.loader.ClassLoaders$AppClassLoader.loadClass(ClassLoaders.java:188)
	at java.base/java.lang.ClassLoader.loadClass(ClassLoader.java:526)
	... 42 common frames omitted
12 Sep 2024; 12:04:09 PM o.s.t.c.s.AnnotationConfigContextLoaderUtils INFO: Could not detect default configuration classes for test class [com.example.locomotive.LocomotiveApplicationTests]: LocomotiveApplicationTests does not declare any static, non-private, non-final, nested classes annotated with @Configuration.
12 Sep 2024; 12:04:09 PM o.s.b.t.c.SpringBootTestContextBootstrapper INFO: Found @SpringBootConfiguration com.example.locomotive.LocomotiveApplication for test class com.example.locomotive.LocomotiveApplicationTests
12 Sep 2024; 12:04:09 PM o.s.b.d.r.RestartApplicationListener INFO: Restart disabled due to context in which it is running
12 Sep 2024; 12:04:09 PM o.s.b.t.j.DuplicateJsonObjectContextCustomizerFactory$DuplicateJsonObjectContextCustomizer WARN: 

Found multiple occurrences of org.json.JSONObject on the class path:

	jar:file:/C:/Users/Albiruni/.m2/repository/com/vaadin/external/google/android-json/0.0.20131108.vaadin1/android-json-0.0.20131108.vaadin1.jar!/org/json/JSONObject.class
	jar:file:/C:/Users/Albiruni/.m2/repository/org/json/json/20180813/json-20180813.jar!/org/json/JSONObject.class

You may wish to exclude one of them to ensure predictable runtime behavior

12 Sep 2024; 12:04:09 PM c.e.l.LocomotiveApplicationTests INFO: Starting LocomotiveApplicationTests using Java 21.0.1 with PID 28580 (started by Albiruni in E:\Kerja\Gap Analysis\IoT Locomotive\locomotive)
12 Sep 2024; 12:04:09 PM c.e.l.LocomotiveApplicationTests INFO: No active profile set, falling back to 1 default profile: "default"
12 Sep 2024; 12:04:09 PM o.s.d.r.c.RepositoryConfigurationDelegate INFO: Multiple Spring Data modules found, entering strict repository configuration mode
12 Sep 2024; 12:04:09 PM o.s.d.r.c.RepositoryConfigurationDelegate INFO: Bootstrapping Spring Data JPA repositories in DEFAULT mode.
12 Sep 2024; 12:04:09 PM o.s.d.r.c.RepositoryConfigurationDelegate INFO: Finished Spring Data repository scanning in 44 ms. Found 2 JPA repository interfaces.
12 Sep 2024; 12:04:09 PM o.s.d.r.c.RepositoryConfigurationDelegate INFO: Multiple Spring Data modules found, entering strict repository configuration mode
12 Sep 2024; 12:04:09 PM o.s.d.r.c.RepositoryConfigurationDelegate INFO: Bootstrapping Spring Data MongoDB repositories in DEFAULT mode.
12 Sep 2024; 12:04:09 PM o.s.d.r.c.RepositoryConfigurationExtensionSupport INFO: Spring Data MongoDB - Could not safely identify store assignment for repository candidate interface com.example.locomotive.repositories.LocomotiveSummaryRepo; If you want this repository to be a MongoDB repository, consider annotating your entities with one of these annotations: org.springframework.data.mongodb.core.mapping.Document (preferred), or consider extending one of the following types with your repository: org.springframework.data.mongodb.repository.MongoRepository
12 Sep 2024; 12:04:09 PM o.s.d.r.c.RepositoryConfigurationDelegate INFO: Finished Spring Data repository scanning in 6 ms. Found 1 MongoDB repository interface.
12 Sep 2024; 12:04:10 PM o.h.jpa.internal.util.LogHelper INFO: HHH000204: Processing PersistenceUnitInfo [name: default]
12 Sep 2024; 12:04:10 PM org.hibernate.Version INFO: HHH000412: Hibernate ORM core version 6.5.2.Final
12 Sep 2024; 12:04:10 PM o.h.c.i.RegionFactoryInitiator INFO: HHH000026: Second-level cache disabled
12 Sep 2024; 12:04:10 PM o.s.o.j.p.SpringPersistenceUnitInfo INFO: No LoadTimeWeaver setup: ignoring JPA class transformer
12 Sep 2024; 12:04:10 PM com.zaxxer.hikari.HikariDataSource INFO: HikariPool-1 - Starting...
12 Sep 2024; 12:04:10 PM com.zaxxer.hikari.pool.HikariPool INFO: HikariPool-1 - Added connection org.postgresql.jdbc.PgConnection@6a6e9289
12 Sep 2024; 12:04:10 PM com.zaxxer.hikari.HikariDataSource INFO: HikariPool-1 - Start completed.
12 Sep 2024; 12:04:10 PM org.hibernate.orm.deprecation WARN: HHH90000025: PostgreSQLDialect does not need to be specified explicitly using 'hibernate.dialect' (remove the property setting and it will be selected by default)
12 Sep 2024; 12:04:11 PM o.h.e.t.j.p.i.JtaPlatformInitiator INFO: HHH000489: No JTA platform available (set 'hibernate.transaction.jta.platform' to enable JTA platform integration)
12 Sep 2024; 12:04:11 PM o.s.o.j.LocalContainerEntityManagerFactoryBean INFO: Initialized JPA EntityManagerFactory for persistence unit 'default'
12 Sep 2024; 12:04:11 PM o.s.d.j.r.query.QueryEnhancerFactory INFO: Hibernate is in classpath; If applicable, HQL parser will be used.
12 Sep 2024; 12:04:12 PM org.mongodb.driver.client INFO: MongoClient with metadata {"driver": {"name": "mongo-java-driver|sync|spring-boot", "version": "5.0.1"}, "os": {"type": "Windows", "name": "Windows 11", "architecture": "amd64", "version": "10.0"}, "platform": "Java/Oracle Corporation/21.0.1+12-LTS-29"} created with settings MongoClientSettings{readPreference=primary, writeConcern=WriteConcern{w=null, wTimeout=null ms, journal=null}, retryWrites=true, retryReads=true, readConcern=ReadConcern{level=null}, credential=null, transportSettings=null, commandListeners=[], codecRegistry=ProvidersCodecRegistry{codecProviders=[ValueCodecProvider{}, BsonValueCodecProvider{}, DBRefCodecProvider{}, DBObjectCodecProvider{}, DocumentCodecProvider{}, CollectionCodecProvider{}, IterableCodecProvider{}, MapCodecProvider{}, GeoJsonCodecProvider{}, GridFSFileCodecProvider{}, Jsr310CodecProvider{}, JsonObjectCodecProvider{}, BsonCodecProvider{}, EnumCodecProvider{}, com.mongodb.client.model.mql.ExpressionCodecProvider@2526ecb7, com.mongodb.Jep395RecordCodecProvider@1196950e, com.mongodb.KotlinCodecProvider@490dc900]}, loggerSettings=LoggerSettings{maxDocumentLength=1000}, clusterSettings={hosts=[127.0.0.1:27017], srvServiceName=mongodb, mode=SINGLE, requiredClusterType=UNKNOWN, requiredReplicaSetName='null', serverSelector='null', clusterListeners='[]', serverSelectionTimeout='30000 ms', localThreshold='15 ms'}, socketSettings=SocketSettings{connectTimeoutMS=10000, readTimeoutMS=0, receiveBufferSize=0, proxySettings=ProxySettings{host=null, port=null, username=null, password=null}}, heartbeatSocketSettings=SocketSettings{connectTimeoutMS=10000, readTimeoutMS=10000, receiveBufferSize=0, proxySettings=ProxySettings{host=null, port=null, username=null, password=null}}, connectionPoolSettings=ConnectionPoolSettings{maxSize=100, minSize=0, maxWaitTimeMS=120000, maxConnectionLifeTimeMS=0, maxConnectionIdleTimeMS=0, maintenanceInitialDelayMS=0, maintenanceFrequencyMS=60000, connectionPoolListeners=[], maxConnecting=2}, serverSettings=ServerSettings{heartbeatFrequencyMS=10000, minHeartbeatFrequencyMS=500, serverListeners='[]', serverMonitorListeners='[]'}, sslSettings=SslSettings{enabled=false, invalidHostNameAllowed=false, context=null}, applicationName='null', compressorList=[], uuidRepresentation=JAVA_LEGACY, serverApi=null, autoEncryptionSettings=null, dnsClient=null, inetAddressResolver=null, contextProvider=null}
12 Sep 2024; 12:04:12 PM org.mongodb.driver.cluster INFO: Monitor thread successfully connected to server with description ServerDescription{address=127.0.0.1:27017, type=STANDALONE, state=CONNECTED, ok=true, minWireVersion=0, maxWireVersion=21, maxDocumentSize=16777216, logicalSessionTimeoutMinutes=30, roundTripTimeNanos=15392700}
12 Sep 2024; 12:04:12 PM o.s.b.a.o.j.JpaBaseConfiguration$JpaWebConfiguration WARN: spring.jpa.open-in-view is enabled by default. Therefore, database queries may be performed during view rendering. Explicitly configure spring.jpa.open-in-view to disable this warning
12 Sep 2024; 12:04:12 PM c.e.l.LocomotiveApplicationTests INFO: Started LocomotiveApplicationTests in 3.792 seconds (process running for 4.573)
12 Sep 2024; 12:04:12 PM c.e.l.services.SchedulerService INFO: Sending dummy data to node JS: {tanggal=12/09/2024, dimensiLoco=500x400x300, status=Available, kodeLoco=4cb9111b-2a92-4531-8e5e-51e39c8cd913, jam=12:04:12, namaLoco=Lokomotif 3}
12 Sep 2024; 12:04:13 PM c.e.locomotive.services.MongoService INFO: Fetching from MongoDB...
12 Sep 2024; 12:04:13 PM c.e.locomotive.services.MongoService INFO: Locomotives Fetched: [Locomotive(kodeLoco=455c5249-afe2-4578-b4be-cb404ece7761, namaLoco=Lokomotif 5, dimensiLoco=400x300x200, status=Available, tanggal=2024-10-09, jam=09:29:55), Locomotive(kodeLoco=b25d37e0-0ceb-4993-9979-e4d947bbf134, namaLoco=Lokomotif 1, dimensiLoco=600x500x300, status=Not Available, tanggal=2024-10-09, jam=09:30:05), Locomotive(kodeLoco=2517f75b-6987-4067-9dbf-bc4a59e06739, namaLoco=Lokomotif 5, dimensiLoco=600x500x300, status=Not Available, tanggal=2024-10-09, jam=09:30:15), Locomotive(kodeLoco=f5455cb0-c4ff-40c9-b128-1805e5e109b0, namaLoco=Lokomotif 5, dimensiLoco=300x200x200, status=Available, tanggal=2024-10-09, jam=09:30:25), Locomotive(kodeLoco=696126d1-1834-4b9a-9522-fbd778ff0501, namaLoco=Lokomotif 5, dimensiLoco=300x200x200, status=Available, tanggal=2024-10-09, jam=09:30:35), Locomotive(kodeLoco=f6842c43-581b-4f05-90c0-b2a45a53c7bb, namaLoco=Lokomotif 5, dimensiLoco=300x200x200, status=Not Available, tanggal=2024-10-09, jam=09:30:45), Locomotive(kodeLoco=ce084dde-7ce5-4d89-b474-4fc98cf12796, namaLoco=Lokomotif 4, dimensiLoco=300x200x200, status=Not Available, tanggal=2024-10-09, jam=09:30:55), Locomotive(kodeLoco=e65fc9ff-2aff-4ba9-beea-01181ad1ecee, namaLoco=Lokomotif 4, dimensiLoco=500x400x300, status=Not Available, tanggal=2024-10-09, jam=09:31:05), Locomotive(kodeLoco=9fe85024-29a2-4c9a-8c37-8ebb76e150f1, namaLoco=Lokomotif 5, dimensiLoco=600x500x300, status=Available, tanggal=2024-10-09, jam=09:31:15), Locomotive(kodeLoco=451f9d01-d1b0-4f57-971c-0a7292458a6c, namaLoco=Lokomotif 4, dimensiLoco=600x500x300, status=Not Available, tanggal=2024-10-09, jam=09:31:25), Locomotive(kodeLoco=2fe23917-b35a-48a8-af39-9a0f73bbc3c5, namaLoco=Lokomotif 1, dimensiLoco=200x100x200, status=Not Available, tanggal=2024-12-09, jam=09:19:51), Locomotive(kodeLoco=2fe23917-b35a-48a8-af39-9a0f73bbc3c5, namaLoco=Lokomotif 1, dimensiLoco=200x100x200, status=Not Available, tanggal=2024-12-09, jam=09:19:51), Locomotive(kodeLoco=004946e3-429a-4da4-92b3-4be97c9620d1, namaLoco=Lokomotif 2, dimensiLoco=500x400x300, status=Available, tanggal=2024-12-09, jam=09:20:01), Locomotive(kodeLoco=3f56bf38-311d-45a2-af84-27086d5f437f, namaLoco=Lokomotif 4, dimensiLoco=300x200x200, status=Not Available, tanggal=2024-12-09, jam=09:20:11), Locomotive(kodeLoco=902f44cd-0f36-490b-b87f-4fd8423d1076, namaLoco=Lokomotif 1, dimensiLoco=400x300x200, status=Available, tanggal=2024-12-09, jam=09:20:21), Locomotive(kodeLoco=ab492361-bbde-4df8-992d-fcaba5ad46da, namaLoco=Lokomotif 4, dimensiLoco=500x400x300, status=Not Available, tanggal=2024-12-09, jam=09:20:29), Locomotive(kodeLoco=69010c71-c530-4ef4-bd20-4769811260be, namaLoco=Lokomotif 5, dimensiLoco=600x500x300, status=Available, tanggal=2024-12-09, jam=09:20:39), Locomotive(kodeLoco=dfc18298-68c5-4591-96e2-9e406fada632, namaLoco=Lokomotif 3, dimensiLoco=400x300x200, status=Available, tanggal=2024-12-09, jam=09:20:49), Locomotive(kodeLoco=2e2d522d-5509-4ed8-b22b-87a6028e9caa, namaLoco=Lokomotif 4, dimensiLoco=400x300x200, status=Available, tanggal=2024-12-09, jam=09:20:59), Locomotive(kodeLoco=683beacd-3cad-47d1-9140-e579aa18f098, namaLoco=Lokomotif 3, dimensiLoco=400x300x200, status=Not Available, tanggal=2024-12-09, jam=09:21:09), Locomotive(kodeLoco=2c7384e8-79aa-4e5d-b9ce-7f2f79a5c3fc, namaLoco=Lokomotif 4, dimensiLoco=300x200x200, status=Available, tanggal=2024-12-09, jam=09:21:19), Locomotive(kodeLoco=5830ee45-034e-431f-962b-f3d6390aec40, namaLoco=Lokomotif 2, dimensiLoco=500x400x300, status=Available, tanggal=2024-12-09, jam=09:21:29), Locomotive(kodeLoco=a239aff4-a2b8-4091-af35-36e48c2147cb, namaLoco=Lokomotif 5, dimensiLoco=300x200x200, status=Not Available, tanggal=2024-12-09, jam=09:21:39), Locomotive(kodeLoco=36143ae8-ee17-44f5-900f-4d434fe71133, namaLoco=Lokomotif 4, dimensiLoco=300x200x200, status=Available, tanggal=2024-12-09, jam=09:21:49), Locomotive(kodeLoco=4cb9111b-2a92-4531-8e5e-51e39c8cd913, namaLoco=Lokomotif 3, dimensiLoco=500x400x300, status=Available, tanggal=2024-12-09, jam=12:04:12)]
12 Sep 2024; 12:04:13 PM c.e.locomotive.services.MongoService INFO: Saved Summary into PostgreSQL: LocomotiveSummary(id=1bc35970-86c7-4725-a8e2-55460cbc878d, summaryDate=2024-09-12, active=13, nonActive=12, totalLocomotive=25, updatedAt=2024-09-12T12:04:13.184538900)
12 Sep 2024; 12:04:13 PM o.s.s.s.TaskUtils$LoggingErrorHandler ERROR: Unexpected error occurred in scheduled task
java.lang.NullPointerException: Cannot invoke "com.example.locomotive.services.TelegramService.getLatestSummary()" because "this.telegramService" is null
	at com.example.locomotive.components.TelegramBotReport.sendLatestSummary(TelegramBotReport.java:36)
	at java.base/jdk.internal.reflect.DirectMethodHandleAccessor.invoke(DirectMethodHandleAccessor.java:103)
	at java.base/java.lang.reflect.Method.invoke(Method.java:580)
	at org.springframework.scheduling.support.ScheduledMethodRunnable.runInternal(ScheduledMethodRunnable.java:130)
	at org.springframework.scheduling.support.ScheduledMethodRunnable.lambda$run$2(ScheduledMethodRunnable.java:124)
	at io.micrometer.observation.Observation.observe(Observation.java:499)
	at org.springframework.scheduling.support.ScheduledMethodRunnable.run(ScheduledMethodRunnable.java:124)
	at org.springframework.scheduling.support.DelegatingErrorHandlingRunnable.run(DelegatingErrorHandlingRunnable.java:54)
	at java.base/java.util.concurrent.Executors$RunnableAdapter.call(Executors.java:572)
	at java.base/java.util.concurrent.FutureTask.runAndReset(FutureTask.java:358)
	at java.base/java.util.concurrent.ScheduledThreadPoolExecutor$ScheduledFutureTask.run(ScheduledThreadPoolExecutor.java:305)
	at java.base/java.util.concurrent.ThreadPoolExecutor.runWorker(ThreadPoolExecutor.java:1144)
	at java.base/java.util.concurrent.ThreadPoolExecutor$Worker.run(ThreadPoolExecutor.java:642)
	at java.base/java.lang.Thread.run(Thread.java:1583)
12 Sep 2024; 12:04:13 PM o.s.o.j.LocalContainerEntityManagerFactoryBean INFO: Closing JPA EntityManagerFactory for persistence unit 'default'
12 Sep 2024; 12:04:13 PM com.zaxxer.hikari.HikariDataSource INFO: HikariPool-1 - Shutdown initiated...
12 Sep 2024; 12:04:13 PM com.zaxxer.hikari.HikariDataSource INFO: HikariPool-1 - Shutdown completed.
12 Sep 2024; 12:04:20 PM c.e.locomotive.LocomotiveApplication INFO: Starting LocomotiveApplication using Java 21.0.1 with PID 6860 (E:\Kerja\Gap Analysis\IoT Locomotive\locomotive\target\classes started by Albiruni in E:\Kerja\Gap Analysis\IoT Locomotive\locomotive)
12 Sep 2024; 12:04:20 PM c.e.locomotive.LocomotiveApplication INFO: No active profile set, falling back to 1 default profile: "default"
12 Sep 2024; 12:04:20 PM o.s.b.d.restart.ChangeableUrls INFO: The Class-Path manifest attribute in C:\Users\Albiruni\.m2\repository\org\glassfish\jaxb\jaxb-runtime\2.3.1\jaxb-runtime-2.3.1.jar referenced one or more files that do not exist: file:/C:/Users/Albiruni/.m2/repository/org/glassfish/jaxb/jaxb-runtime/2.3.1/jaxb-api-2.3.1.jar,file:/C:/Users/Albiruni/.m2/repository/org/glassfish/jaxb/jaxb-runtime/2.3.1/txw2-2.3.1.jar,file:/C:/Users/Albiruni/.m2/repository/org/glassfish/jaxb/jaxb-runtime/2.3.1/istack-commons-runtime-3.0.7.jar,file:/C:/Users/Albiruni/.m2/repository/org/glassfish/jaxb/jaxb-runtime/2.3.1/stax-ex-1.8.jar,file:/C:/Users/Albiruni/.m2/repository/org/glassfish/jaxb/jaxb-runtime/2.3.1/FastInfoset-1.2.15.jar,file:/C:/Users/Albiruni/.m2/repository/org/glassfish/jaxb/jaxb-runtime/2.3.1/javax.activation-api-1.2.0.jar
12 Sep 2024; 12:04:20 PM o.s.b.d.restart.ChangeableUrls INFO: The Class-Path manifest attribute in C:\Users\Albiruni\.m2\repository\com\sun\xml\bind\jaxb-core\2.3.0.1\jaxb-core-2.3.0.1.jar referenced one or more files that do not exist: file:/C:/Users/Albiruni/.m2/repository/com/sun/xml/bind/jaxb-core/2.3.0.1/jaxb-api.jar
12 Sep 2024; 12:04:20 PM o.s.b.d.e.DevToolsPropertyDefaultsPostProcessor INFO: Devtools property defaults active! Set 'spring.devtools.add-properties' to 'false' to disable
12 Sep 2024; 12:04:20 PM o.s.b.d.e.DevToolsPropertyDefaultsPostProcessor INFO: For additional web related logging consider setting the 'logging.level.web' property to 'DEBUG'
12 Sep 2024; 12:04:20 PM o.s.d.r.c.RepositoryConfigurationDelegate INFO: Multiple Spring Data modules found, entering strict repository configuration mode
12 Sep 2024; 12:04:20 PM o.s.d.r.c.RepositoryConfigurationDelegate INFO: Bootstrapping Spring Data JPA repositories in DEFAULT mode.
12 Sep 2024; 12:04:21 PM o.s.d.r.c.RepositoryConfigurationDelegate INFO: Finished Spring Data repository scanning in 39 ms. Found 2 JPA repository interfaces.
12 Sep 2024; 12:04:21 PM o.s.d.r.c.RepositoryConfigurationDelegate INFO: Multiple Spring Data modules found, entering strict repository configuration mode
12 Sep 2024; 12:04:21 PM o.s.d.r.c.RepositoryConfigurationDelegate INFO: Bootstrapping Spring Data MongoDB repositories in DEFAULT mode.
12 Sep 2024; 12:04:21 PM o.s.d.r.c.RepositoryConfigurationExtensionSupport INFO: Spring Data MongoDB - Could not safely identify store assignment for repository candidate interface com.example.locomotive.repositories.LocomotiveSummaryRepo; If you want this repository to be a MongoDB repository, consider annotating your entities with one of these annotations: org.springframework.data.mongodb.core.mapping.Document (preferred), or consider extending one of the following types with your repository: org.springframework.data.mongodb.repository.MongoRepository
12 Sep 2024; 12:04:21 PM o.s.d.r.c.RepositoryConfigurationDelegate INFO: Finished Spring Data repository scanning in 4 ms. Found 1 MongoDB repository interface.
12 Sep 2024; 12:04:21 PM o.s.b.w.e.tomcat.TomcatWebServer INFO: Tomcat initialized with port 8081 (http)
12 Sep 2024; 12:04:21 PM o.a.coyote.http11.Http11NioProtocol INFO: Initializing ProtocolHandler ["http-nio-8081"]
12 Sep 2024; 12:04:21 PM o.a.catalina.core.StandardService INFO: Starting service [Tomcat]
12 Sep 2024; 12:04:21 PM o.a.catalina.core.StandardEngine INFO: Starting Servlet engine: [Apache Tomcat/10.1.28]
12 Sep 2024; 12:04:21 PM o.a.c.c.C.[Tomcat].[localhost].[/] INFO: Initializing Spring embedded WebApplicationContext
12 Sep 2024; 12:04:21 PM o.s.b.w.s.c.ServletWebServerApplicationContext INFO: Root WebApplicationContext: initialization completed in 934 ms
12 Sep 2024; 12:04:21 PM o.h.jpa.internal.util.LogHelper INFO: HHH000204: Processing PersistenceUnitInfo [name: default]
12 Sep 2024; 12:04:21 PM org.hibernate.Version INFO: HHH000412: Hibernate ORM core version 6.5.2.Final
12 Sep 2024; 12:04:21 PM o.h.c.i.RegionFactoryInitiator INFO: HHH000026: Second-level cache disabled
12 Sep 2024; 12:04:21 PM o.s.o.j.p.SpringPersistenceUnitInfo INFO: No LoadTimeWeaver setup: ignoring JPA class transformer
12 Sep 2024; 12:04:21 PM com.zaxxer.hikari.HikariDataSource INFO: HikariPool-1 - Starting...
12 Sep 2024; 12:04:22 PM com.zaxxer.hikari.pool.HikariPool INFO: HikariPool-1 - Added connection org.postgresql.jdbc.PgConnection@327828a4
12 Sep 2024; 12:04:22 PM com.zaxxer.hikari.HikariDataSource INFO: HikariPool-1 - Start completed.
12 Sep 2024; 12:04:22 PM org.hibernate.orm.deprecation WARN: HHH90000025: PostgreSQLDialect does not need to be specified explicitly using 'hibernate.dialect' (remove the property setting and it will be selected by default)
12 Sep 2024; 12:04:22 PM o.h.e.t.j.p.i.JtaPlatformInitiator INFO: HHH000489: No JTA platform available (set 'hibernate.transaction.jta.platform' to enable JTA platform integration)
12 Sep 2024; 12:04:22 PM o.s.o.j.LocalContainerEntityManagerFactoryBean INFO: Initialized JPA EntityManagerFactory for persistence unit 'default'
12 Sep 2024; 12:04:22 PM o.s.d.j.r.query.QueryEnhancerFactory INFO: Hibernate is in classpath; If applicable, HQL parser will be used.
12 Sep 2024; 12:04:23 PM org.mongodb.driver.client INFO: MongoClient with metadata {"driver": {"name": "mongo-java-driver|sync|spring-boot", "version": "5.0.1"}, "os": {"type": "Windows", "name": "Windows 11", "architecture": "amd64", "version": "10.0"}, "platform": "Java/Oracle Corporation/21.0.1+12-LTS-29"} created with settings MongoClientSettings{readPreference=primary, writeConcern=WriteConcern{w=null, wTimeout=null ms, journal=null}, retryWrites=true, retryReads=true, readConcern=ReadConcern{level=null}, credential=null, transportSettings=null, commandListeners=[], codecRegistry=ProvidersCodecRegistry{codecProviders=[ValueCodecProvider{}, BsonValueCodecProvider{}, DBRefCodecProvider{}, DBObjectCodecProvider{}, DocumentCodecProvider{}, CollectionCodecProvider{}, IterableCodecProvider{}, MapCodecProvider{}, GeoJsonCodecProvider{}, GridFSFileCodecProvider{}, Jsr310CodecProvider{}, JsonObjectCodecProvider{}, BsonCodecProvider{}, EnumCodecProvider{}, com.mongodb.client.model.mql.ExpressionCodecProvider@6fb0b931, com.mongodb.Jep395RecordCodecProvider@4329eedf, com.mongodb.KotlinCodecProvider@310de523]}, loggerSettings=LoggerSettings{maxDocumentLength=1000}, clusterSettings={hosts=[127.0.0.1:27017], srvServiceName=mongodb, mode=SINGLE, requiredClusterType=UNKNOWN, requiredReplicaSetName='null', serverSelector='null', clusterListeners='[]', serverSelectionTimeout='30000 ms', localThreshold='15 ms'}, socketSettings=SocketSettings{connectTimeoutMS=10000, readTimeoutMS=0, receiveBufferSize=0, proxySettings=ProxySettings{host=null, port=null, username=null, password=null}}, heartbeatSocketSettings=SocketSettings{connectTimeoutMS=10000, readTimeoutMS=10000, receiveBufferSize=0, proxySettings=ProxySettings{host=null, port=null, username=null, password=null}}, connectionPoolSettings=ConnectionPoolSettings{maxSize=100, minSize=0, maxWaitTimeMS=120000, maxConnectionLifeTimeMS=0, maxConnectionIdleTimeMS=0, maintenanceInitialDelayMS=0, maintenanceFrequencyMS=60000, connectionPoolListeners=[], maxConnecting=2}, serverSettings=ServerSettings{heartbeatFrequencyMS=10000, minHeartbeatFrequencyMS=500, serverListeners='[]', serverMonitorListeners='[]'}, sslSettings=SslSettings{enabled=false, invalidHostNameAllowed=false, context=null}, applicationName='null', compressorList=[], uuidRepresentation=JAVA_LEGACY, serverApi=null, autoEncryptionSettings=null, dnsClient=null, inetAddressResolver=null, contextProvider=null}
12 Sep 2024; 12:04:23 PM org.mongodb.driver.cluster INFO: Monitor thread successfully connected to server with description ServerDescription{address=127.0.0.1:27017, type=STANDALONE, state=CONNECTED, ok=true, minWireVersion=0, maxWireVersion=21, maxDocumentSize=16777216, logicalSessionTimeoutMinutes=30, roundTripTimeNanos=11999700}
12 Sep 2024; 12:04:23 PM o.s.b.d.a.OptionalLiveReloadServer INFO: LiveReload server is running on port 35729
12 Sep 2024; 12:04:23 PM o.s.b.a.o.j.JpaBaseConfiguration$JpaWebConfiguration WARN: spring.jpa.open-in-view is enabled by default. Therefore, database queries may be performed during view rendering. Explicitly configure spring.jpa.open-in-view to disable this warning
12 Sep 2024; 12:04:23 PM o.a.coyote.http11.Http11NioProtocol INFO: Starting ProtocolHandler ["http-nio-8081"]
12 Sep 2024; 12:04:23 PM o.s.b.w.e.tomcat.TomcatWebServer INFO: Tomcat started on port 8081 (http) with context path '/'
12 Sep 2024; 12:04:23 PM c.e.locomotive.LocomotiveApplication INFO: Started LocomotiveApplication in 3.409 seconds (process running for 3.821)
12 Sep 2024; 12:04:23 PM c.e.l.services.SchedulerService INFO: Sending dummy data to node JS: {tanggal=12/09/2024, dimensiLoco=600x500x300, status=Not Available, kodeLoco=85a734ca-5ae3-4bfb-b823-c58bd561cfb2, jam=12:04:23, namaLoco=Lokomotif 3}
12 Sep 2024; 12:04:23 PM c.e.locomotive.services.MongoService INFO: Fetching from MongoDB...
12 Sep 2024; 12:04:23 PM c.e.locomotive.services.MongoService INFO: Locomotives Fetched: [Locomotive(kodeLoco=455c5249-afe2-4578-b4be-cb404ece7761, namaLoco=Lokomotif 5, dimensiLoco=400x300x200, status=Available, tanggal=2024-10-09, jam=09:29:55), Locomotive(kodeLoco=b25d37e0-0ceb-4993-9979-e4d947bbf134, namaLoco=Lokomotif 1, dimensiLoco=600x500x300, status=Not Available, tanggal=2024-10-09, jam=09:30:05), Locomotive(kodeLoco=2517f75b-6987-4067-9dbf-bc4a59e06739, namaLoco=Lokomotif 5, dimensiLoco=600x500x300, status=Not Available, tanggal=2024-10-09, jam=09:30:15), Locomotive(kodeLoco=f5455cb0-c4ff-40c9-b128-1805e5e109b0, namaLoco=Lokomotif 5, dimensiLoco=300x200x200, status=Available, tanggal=2024-10-09, jam=09:30:25), Locomotive(kodeLoco=696126d1-1834-4b9a-9522-fbd778ff0501, namaLoco=Lokomotif 5, dimensiLoco=300x200x200, status=Available, tanggal=2024-10-09, jam=09:30:35), Locomotive(kodeLoco=f6842c43-581b-4f05-90c0-b2a45a53c7bb, namaLoco=Lokomotif 5, dimensiLoco=300x200x200, status=Not Available, tanggal=2024-10-09, jam=09:30:45), Locomotive(kodeLoco=ce084dde-7ce5-4d89-b474-4fc98cf12796, namaLoco=Lokomotif 4, dimensiLoco=300x200x200, status=Not Available, tanggal=2024-10-09, jam=09:30:55), Locomotive(kodeLoco=e65fc9ff-2aff-4ba9-beea-01181ad1ecee, namaLoco=Lokomotif 4, dimensiLoco=500x400x300, status=Not Available, tanggal=2024-10-09, jam=09:31:05), Locomotive(kodeLoco=9fe85024-29a2-4c9a-8c37-8ebb76e150f1, namaLoco=Lokomotif 5, dimensiLoco=600x500x300, status=Available, tanggal=2024-10-09, jam=09:31:15), Locomotive(kodeLoco=451f9d01-d1b0-4f57-971c-0a7292458a6c, namaLoco=Lokomotif 4, dimensiLoco=600x500x300, status=Not Available, tanggal=2024-10-09, jam=09:31:25), Locomotive(kodeLoco=2fe23917-b35a-48a8-af39-9a0f73bbc3c5, namaLoco=Lokomotif 1, dimensiLoco=200x100x200, status=Not Available, tanggal=2024-12-09, jam=09:19:51), Locomotive(kodeLoco=2fe23917-b35a-48a8-af39-9a0f73bbc3c5, namaLoco=Lokomotif 1, dimensiLoco=200x100x200, status=Not Available, tanggal=2024-12-09, jam=09:19:51), Locomotive(kodeLoco=004946e3-429a-4da4-92b3-4be97c9620d1, namaLoco=Lokomotif 2, dimensiLoco=500x400x300, status=Available, tanggal=2024-12-09, jam=09:20:01), Locomotive(kodeLoco=3f56bf38-311d-45a2-af84-27086d5f437f, namaLoco=Lokomotif 4, dimensiLoco=300x200x200, status=Not Available, tanggal=2024-12-09, jam=09:20:11), Locomotive(kodeLoco=902f44cd-0f36-490b-b87f-4fd8423d1076, namaLoco=Lokomotif 1, dimensiLoco=400x300x200, status=Available, tanggal=2024-12-09, jam=09:20:21), Locomotive(kodeLoco=ab492361-bbde-4df8-992d-fcaba5ad46da, namaLoco=Lokomotif 4, dimensiLoco=500x400x300, status=Not Available, tanggal=2024-12-09, jam=09:20:29), Locomotive(kodeLoco=69010c71-c530-4ef4-bd20-4769811260be, namaLoco=Lokomotif 5, dimensiLoco=600x500x300, status=Available, tanggal=2024-12-09, jam=09:20:39), Locomotive(kodeLoco=dfc18298-68c5-4591-96e2-9e406fada632, namaLoco=Lokomotif 3, dimensiLoco=400x300x200, status=Available, tanggal=2024-12-09, jam=09:20:49), Locomotive(kodeLoco=2e2d522d-5509-4ed8-b22b-87a6028e9caa, namaLoco=Lokomotif 4, dimensiLoco=400x300x200, status=Available, tanggal=2024-12-09, jam=09:20:59), Locomotive(kodeLoco=683beacd-3cad-47d1-9140-e579aa18f098, namaLoco=Lokomotif 3, dimensiLoco=400x300x200, status=Not Available, tanggal=2024-12-09, jam=09:21:09), Locomotive(kodeLoco=2c7384e8-79aa-4e5d-b9ce-7f2f79a5c3fc, namaLoco=Lokomotif 4, dimensiLoco=300x200x200, status=Available, tanggal=2024-12-09, jam=09:21:19), Locomotive(kodeLoco=5830ee45-034e-431f-962b-f3d6390aec40, namaLoco=Lokomotif 2, dimensiLoco=500x400x300, status=Available, tanggal=2024-12-09, jam=09:21:29), Locomotive(kodeLoco=a239aff4-a2b8-4091-af35-36e48c2147cb, namaLoco=Lokomotif 5, dimensiLoco=300x200x200, status=Not Available, tanggal=2024-12-09, jam=09:21:39), Locomotive(kodeLoco=36143ae8-ee17-44f5-900f-4d434fe71133, namaLoco=Lokomotif 4, dimensiLoco=300x200x200, status=Available, tanggal=2024-12-09, jam=09:21:49), Locomotive(kodeLoco=4cb9111b-2a92-4531-8e5e-51e39c8cd913, namaLoco=Lokomotif 3, dimensiLoco=500x400x300, status=Available, tanggal=2024-12-09, jam=12:04:12), Locomotive(kodeLoco=85a734ca-5ae3-4bfb-b823-c58bd561cfb2, namaLoco=Lokomotif 3, dimensiLoco=600x500x300, status=Not Available, tanggal=2024-12-09, jam=12:04:23)]
12 Sep 2024; 12:04:23 PM c.e.locomotive.services.MongoService INFO: Saved Summary into PostgreSQL: LocomotiveSummary(id=1b37f881-6a34-48b0-977f-39dfa40e9066, summaryDate=2024-09-12, active=13, nonActive=13, totalLocomotive=26, updatedAt=2024-09-12T12:04:23.889675500)
12 Sep 2024; 12:04:23 PM o.s.s.s.TaskUtils$LoggingErrorHandler ERROR: Unexpected error occurred in scheduled task
java.lang.NullPointerException: Cannot invoke "com.example.locomotive.services.TelegramService.getLatestSummary()" because "this.telegramService" is null
	at com.example.locomotive.components.TelegramBotReport.sendLatestSummary(TelegramBotReport.java:36)
	at java.base/jdk.internal.reflect.DirectMethodHandleAccessor.invoke(DirectMethodHandleAccessor.java:103)
	at java.base/java.lang.reflect.Method.invoke(Method.java:580)
	at org.springframework.scheduling.support.ScheduledMethodRunnable.runInternal(ScheduledMethodRunnable.java:130)
	at org.springframework.scheduling.support.ScheduledMethodRunnable.lambda$run$2(ScheduledMethodRunnable.java:124)
	at io.micrometer.observation.Observation.observe(Observation.java:499)
	at org.springframework.scheduling.support.ScheduledMethodRunnable.run(ScheduledMethodRunnable.java:124)
	at org.springframework.scheduling.support.DelegatingErrorHandlingRunnable.run(DelegatingErrorHandlingRunnable.java:54)
	at java.base/java.util.concurrent.Executors$RunnableAdapter.call(Executors.java:572)
	at java.base/java.util.concurrent.FutureTask.runAndReset(FutureTask.java:358)
	at java.base/java.util.concurrent.ScheduledThreadPoolExecutor$ScheduledFutureTask.run(ScheduledThreadPoolExecutor.java:305)
	at java.base/java.util.concurrent.ThreadPoolExecutor.runWorker(ThreadPoolExecutor.java:1144)
	at java.base/java.util.concurrent.ThreadPoolExecutor$Worker.run(ThreadPoolExecutor.java:642)
	at java.base/java.lang.Thread.run(Thread.java:1583)
12 Sep 2024; 12:04:33 PM c.e.l.services.SchedulerService INFO: Sending dummy data to node JS: {tanggal=12/09/2024, dimensiLoco=400x300x200, status=Not Available, kodeLoco=734581d2-eb4c-403b-8292-93a4c72aa351, jam=12:04:33, namaLoco=Lokomotif 5}
12 Sep 2024; 12:04:36 PM o.s.o.j.LocalContainerEntityManagerFactoryBean INFO: Closing JPA EntityManagerFactory for persistence unit 'default'
12 Sep 2024; 12:04:36 PM com.zaxxer.hikari.HikariDataSource INFO: HikariPool-1 - Shutdown initiated...
12 Sep 2024; 12:04:36 PM com.zaxxer.hikari.HikariDataSource INFO: HikariPool-1 - Shutdown completed.
